<?xml version="1.0" encoding="UTF-8"?>
<testng-results skipped="0" failed="1" ignored="0" total="4" passed="3">
  <reporter-output>
  </reporter-output>
  <suite name="Suite Mobile Android" duration-ms="154426" started-at="2019-10-08T18:08:19Z" finished-at="2019-10-08T18:10:53Z">
    <groups>
    </groups>
    <test name="Realizar VC - Mobile" duration-ms="110115" started-at="2019-10-08T18:08:19Z" finished-at="2019-10-08T18:10:09Z">
      <class name="suiteTest.Regresion_Socio_SMS">
        <test-method status="PASS" signature="setUpClass()[pri:0, instance:suiteTest.Regresion_Socio_SMS@443118b0]" name="setUpClass" is-config="true" duration-ms="24466" started-at="2019-10-08T15:08:19Z" finished-at="2019-10-08T15:08:43Z">
          <reporter-output>
          </reporter-output>
        </test-method> <!-- setUpClass -->
        <test-method status="PASS" signature="setUp(java.lang.reflect.Method)[pri:0, instance:suiteTest.Regresion_Socio_SMS@443118b0]" name="setUp" is-config="true" duration-ms="48" started-at="2019-10-08T15:08:43Z" finished-at="2019-10-08T15:08:43Z">
          <params>
            <param index="0">
              <value>
                <![CDATA[public void suiteTest.Regresion_Socio_SMS.S_RealizarVC_01(java.lang.reflect.Method)]]>
              </value>
            </param>
          </params>
          <reporter-output>
          </reporter-output>
        </test-method> <!-- setUp -->
        <test-method status="PASS" signature="S_RealizarVC_01(java.lang.reflect.Method)[pri:0, instance:suiteTest.Regresion_Socio_SMS@443118b0]" name="S_RealizarVC_01" duration-ms="79362" started-at="2019-10-08T15:08:43Z" finished-at="2019-10-08T15:10:02Z">
          <params>
            <param index="0">
              <value>
                <![CDATA[public void suiteTest.Regresion_Socio_SMS.S_RealizarVC_01(java.lang.reflect.Method)]]>
              </value>
            </param>
          </params>
          <reporter-output>
          </reporter-output>
        </test-method> <!-- S_RealizarVC_01 -->
        <test-method status="PASS" signature="stepFail(org.testng.ITestResult)[pri:0, instance:suiteTest.Regresion_Socio_SMS@443118b0]" name="stepFail" is-config="true" duration-ms="0" started-at="2019-10-08T15:10:02Z" finished-at="2019-10-08T15:10:02Z">
          <params>
            <param index="0">
              <value>
                <![CDATA[[TestResult name=S_RealizarVC_01 status=SUCCESS method=Regresion_Socio_SMS.S_RealizarVC_01(java.lang.reflect.Method)[pri:0, instance:suiteTest.Regresion_Socio_SMS@443118b0] output={null}]]]>
              </value>
            </param>
          </params>
          <reporter-output>
          </reporter-output>
        </test-method> <!-- stepFail -->
        <test-method status="PASS" signature="tearDown(java.lang.reflect.Method)[pri:0, instance:suiteTest.Regresion_Socio_SMS@443118b0]" name="tearDown" is-config="true" duration-ms="26" started-at="2019-10-08T15:10:02Z" finished-at="2019-10-08T15:10:02Z">
          <params>
            <param index="0">
              <value>
                <![CDATA[public void suiteTest.Regresion_Socio_SMS.S_RealizarVC_01(java.lang.reflect.Method)]]>
              </value>
            </param>
          </params>
          <reporter-output>
          </reporter-output>
        </test-method> <!-- tearDown -->
        <test-method status="PASS" signature="tearDownClass()[pri:0, instance:suiteTest.Regresion_Socio_SMS@443118b0]" name="tearDownClass" is-config="true" duration-ms="6202" started-at="2019-10-08T15:10:02Z" finished-at="2019-10-08T15:10:09Z">
          <reporter-output>
          </reporter-output>
        </test-method> <!-- tearDownClass -->
      </class> <!-- suiteTest.Regresion_Socio_SMS -->
    </test> <!-- Realizar VC - Mobile -->
    <test name="Realizar VC - Web" duration-ms="154426" started-at="2019-10-08T18:08:19Z" finished-at="2019-10-08T18:10:53Z">
      <class name="suiteTest.Regresion_Web_SMS">
        <test-method status="PASS" signature="setUpClass()[pri:0, instance:suiteTest.Regresion_Web_SMS@3bb9a3ff]" name="setUpClass" is-config="true" duration-ms="3350" started-at="2019-10-08T15:08:19Z" finished-at="2019-10-08T15:08:22Z">
          <reporter-output>
          </reporter-output>
        </test-method> <!-- setUpClass -->
        <test-method status="PASS" signature="setUp(java.lang.reflect.Method)[pri:0, instance:suiteTest.Regresion_Web_SMS@3bb9a3ff]" name="setUp" is-config="true" duration-ms="118" started-at="2019-10-08T15:08:22Z" finished-at="2019-10-08T15:08:22Z">
          <params>
            <param index="0">
              <value>
                <![CDATA[public void suiteTest.Regresion_Web_SMS.M_Ingresar_01(java.lang.reflect.Method)]]>
              </value>
            </param>
          </params>
          <reporter-output>
          </reporter-output>
        </test-method> <!-- setUp -->
        <test-method status="PASS" signature="M_Ingresar_01(java.lang.reflect.Method)[pri:0, instance:suiteTest.Regresion_Web_SMS@3bb9a3ff]" name="M_Ingresar_01" duration-ms="15061" started-at="2019-10-08T15:08:22Z" finished-at="2019-10-08T15:08:37Z">
          <params>
            <param index="0">
              <value>
                <![CDATA[public void suiteTest.Regresion_Web_SMS.M_Ingresar_01(java.lang.reflect.Method)]]>
              </value>
            </param>
          </params>
          <reporter-output>
          </reporter-output>
        </test-method> <!-- M_Ingresar_01 -->
        <test-method status="PASS" signature="tearDown()[pri:0, instance:suiteTest.Regresion_Web_SMS@3bb9a3ff]" name="tearDown" is-config="true" duration-ms="1159" started-at="2019-10-08T15:08:37Z" finished-at="2019-10-08T15:08:38Z">
          <reporter-output>
          </reporter-output>
        </test-method> <!-- tearDown -->
        <test-method status="PASS" signature="stepFail(org.testng.ITestResult)[pri:0, instance:suiteTest.Regresion_Web_SMS@3bb9a3ff]" name="stepFail" is-config="true" duration-ms="0" started-at="2019-10-08T15:08:37Z" finished-at="2019-10-08T15:08:37Z">
          <params>
            <param index="0">
              <value>
                <![CDATA[[TestResult name=M_Ingresar_01 status=SUCCESS method=Regresion_Web_SMS.M_Ingresar_01(java.lang.reflect.Method)[pri:0, instance:suiteTest.Regresion_Web_SMS@3bb9a3ff] output={null}]]]>
              </value>
            </param>
          </params>
          <reporter-output>
          </reporter-output>
        </test-method> <!-- stepFail -->
        <test-method status="PASS" signature="setUp(java.lang.reflect.Method)[pri:0, instance:suiteTest.Regresion_Web_SMS@3bb9a3ff]" name="setUp" is-config="true" duration-ms="61" started-at="2019-10-08T15:08:38Z" finished-at="2019-10-08T15:08:38Z">
          <params>
            <param index="0">
              <value>
                <![CDATA[public void suiteTest.Regresion_Web_SMS.D_Mobile_EnvioInvitacion_01(java.lang.reflect.Method)]]>
              </value>
            </param>
          </params>
          <reporter-output>
          </reporter-output>
        </test-method> <!-- setUp -->
        <test-method status="PASS" signature="D_Mobile_EnvioInvitacion_01(java.lang.reflect.Method)[pri:0, instance:suiteTest.Regresion_Web_SMS@3bb9a3ff]" name="D_Mobile_EnvioInvitacion_01" duration-ms="13740" started-at="2019-10-08T15:08:38Z" depends-on-methods="suiteTest.Regresion_Web_SMS.M_Ingresar_01" finished-at="2019-10-08T15:08:52Z">
          <params>
            <param index="0">
              <value>
                <![CDATA[public void suiteTest.Regresion_Web_SMS.D_Mobile_EnvioInvitacion_01(java.lang.reflect.Method)]]>
              </value>
            </param>
          </params>
          <reporter-output>
          </reporter-output>
        </test-method> <!-- D_Mobile_EnvioInvitacion_01 -->
        <test-method status="PASS" signature="tearDown()[pri:0, instance:suiteTest.Regresion_Web_SMS@3bb9a3ff]" name="tearDown" is-config="true" duration-ms="199" started-at="2019-10-08T15:08:52Z" finished-at="2019-10-08T15:08:52Z">
          <reporter-output>
          </reporter-output>
        </test-method> <!-- tearDown -->
        <test-method status="PASS" signature="stepFail(org.testng.ITestResult)[pri:0, instance:suiteTest.Regresion_Web_SMS@3bb9a3ff]" name="stepFail" is-config="true" duration-ms="0" started-at="2019-10-08T15:08:52Z" finished-at="2019-10-08T15:08:52Z">
          <params>
            <param index="0">
              <value>
                <![CDATA[[TestResult name=D_Mobile_EnvioInvitacion_01 status=SUCCESS method=Regresion_Web_SMS.D_Mobile_EnvioInvitacion_01(java.lang.reflect.Method)[pri:0, instance:suiteTest.Regresion_Web_SMS@3bb9a3ff] output={null}]]]>
              </value>
            </param>
          </params>
          <reporter-output>
          </reporter-output>
        </test-method> <!-- stepFail -->
        <test-method status="PASS" signature="setUp(java.lang.reflect.Method)[pri:0, instance:suiteTest.Regresion_Web_SMS@3bb9a3ff]" name="setUp" is-config="true" duration-ms="103" started-at="2019-10-08T15:08:52Z" finished-at="2019-10-08T15:08:52Z">
          <params>
            <param index="0">
              <value>
                <![CDATA[public void suiteTest.Regresion_Web_SMS.M_Mobile_Atender_01(java.lang.reflect.Method)]]>
              </value>
            </param>
          </params>
          <reporter-output>
          </reporter-output>
        </test-method> <!-- setUp -->
        <test-method status="FAIL" signature="M_Mobile_Atender_01(java.lang.reflect.Method)[pri:0, instance:suiteTest.Regresion_Web_SMS@3bb9a3ff]" name="M_Mobile_Atender_01" duration-ms="120551" started-at="2019-10-08T15:08:52Z" depends-on-methods="suiteTest.Regresion_Web_SMS.D_Mobile_EnvioInvitacion_01" finished-at="2019-10-08T15:10:53Z">
          <params>
            <param index="0">
              <value>
                <![CDATA[public void suiteTest.Regresion_Web_SMS.M_Mobile_Atender_01(java.lang.reflect.Method)]]>
              </value>
            </param>
          </params>
          <exception class="junit.framework.AssertionFailedError">
            <full-stacktrace>
              <![CDATA[junit.framework.AssertionFailedError
	at junit.framework.Assert.fail(Assert.java:47)
	at junit.framework.Assert.assertTrue(Assert.java:20)
	at junit.framework.Assert.assertTrue(Assert.java:27)
	at steps.M_Mobile_AtenderStep.Run(M_Mobile_AtenderStep.java:74)
	at suiteTest.Regresion_Web_SMS.M_Mobile_Atender_01(Regresion_Web_SMS.java:24)
	at sun.reflect.NativeMethodAccessorImpl.invoke0(Native Method)
	at sun.reflect.NativeMethodAccessorImpl.invoke(Unknown Source)
	at sun.reflect.DelegatingMethodAccessorImpl.invoke(Unknown Source)
	at java.lang.reflect.Method.invoke(Unknown Source)
	at org.testng.internal.MethodInvocationHelper.invokeMethod(MethodInvocationHelper.java:108)
	at org.testng.internal.Invoker.invokeMethod(Invoker.java:661)
	at org.testng.internal.Invoker.invokeTestMethod(Invoker.java:869)
	at org.testng.internal.Invoker.invokeTestMethods(Invoker.java:1193)
	at org.testng.internal.TestMethodWorker.invokeTestMethods(TestMethodWorker.java:126)
	at org.testng.internal.TestMethodWorker.run(TestMethodWorker.java:109)
	at org.testng.TestRunner.privateRun(TestRunner.java:744)
	at org.testng.TestRunner.run(TestRunner.java:602)
	at org.testng.SuiteRunner.runTest(SuiteRunner.java:380)
	at org.testng.SuiteRunner.access$000(SuiteRunner.java:39)
	at org.testng.SuiteRunner$SuiteWorker.run(SuiteRunner.java:414)
	at org.testng.internal.thread.ThreadUtil$1.call(ThreadUtil.java:52)
	at java.util.concurrent.FutureTask.run(Unknown Source)
	at java.util.concurrent.ThreadPoolExecutor.runWorker(Unknown Source)
	at java.util.concurrent.ThreadPoolExecutor$Worker.run(Unknown Source)
	at java.lang.Thread.run(Unknown Source)
]]>
            </full-stacktrace>
          </exception> <!-- junit.framework.AssertionFailedError -->
          <reporter-output>
          </reporter-output>
        </test-method> <!-- M_Mobile_Atender_01 -->
        <test-method status="PASS" signature="stepFail(org.testng.ITestResult)[pri:0, instance:suiteTest.Regresion_Web_SMS@3bb9a3ff]" name="stepFail" is-config="true" duration-ms="15" started-at="2019-10-08T15:10:53Z" finished-at="2019-10-08T15:10:53Z">
          <params>
            <param index="0">
              <value>
                <![CDATA[[TestResult name=M_Mobile_Atender_01 status=FAILURE method=Regresion_Web_SMS.M_Mobile_Atender_01(java.lang.reflect.Method)[pri:0, instance:suiteTest.Regresion_Web_SMS@3bb9a3ff] output={null}]]]>
              </value>
            </param>
          </params>
          <reporter-output>
          </reporter-output>
        </test-method> <!-- stepFail -->
        <test-method status="FAIL" signature="tearDown()[pri:0, instance:suiteTest.Regresion_Web_SMS@3bb9a3ff]" name="tearDown" is-config="true" duration-ms="20" started-at="2019-10-08T15:10:53Z" finished-at="2019-10-08T15:10:53Z">
          <exception class="org.openqa.selenium.UnhandledAlertException">
            <message>
              <![CDATA[unexpected alert open: {Alert text : }
  (Session info: chrome=77.0.3865.90)
  (Driver info: chromedriver=2.40.565498 (ea082db3280dd6843ebfb08a625e3eb905c4f5ab),platform=Windows NT 10.0.17763 x86_64) (WARNING: The server did not provide any stacktrace information)
Command duration or timeout: 0 milliseconds: null
Build info: version: '3.14.0', revision: 'aacccce0', time: '2018-08-02T20:19:58.91Z'
System info: host: 'SMSL187', ip: '192.168.67.2', os.name: 'Windows 10', os.arch: 'amd64', os.version: '10.0', java.version: '1.8.0_201'
Driver info: org.openqa.selenium.chrome.ChromeDriver
Capabilities {acceptInsecureCerts: false, acceptSslCerts: false, applicationCacheEnabled: false, browserConnectionEnabled: false, browserName: chrome, chrome: {chromedriverVersion: 2.40.565498 (ea082db3280dd6..., userDataDir: C:\Users\ntedesco\AppData\L...}, cssSelectorsEnabled: true, databaseEnabled: false, handlesAlerts: true, hasTouchScreen: false, javascriptEnabled: true, locationContextEnabled: true, mobileEmulationEnabled: false, nativeEvents: true, networkConnectionEnabled: false, pageLoadStrategy: normal, platform: XP, platformName: XP, rotatable: false, setWindowRect: true, takesHeapSnapshot: true, takesScreenshot: true, unexpectedAlertBehaviour: , unhandledPromptBehavior: , version: 77.0.3865.90, webStorageEnabled: true}
Session ID: 21755dbbf08ccfda39a9e2352ab040a6]]>
            </message>
            <full-stacktrace>
              <![CDATA[org.openqa.selenium.UnhandledAlertException: unexpected alert open: {Alert text : }
  (Session info: chrome=77.0.3865.90)
  (Driver info: chromedriver=2.40.565498 (ea082db3280dd6843ebfb08a625e3eb905c4f5ab),platform=Windows NT 10.0.17763 x86_64) (WARNING: The server did not provide any stacktrace information)
Command duration or timeout: 0 milliseconds: null
Build info: version: '3.14.0', revision: 'aacccce0', time: '2018-08-02T20:19:58.91Z'
System info: host: 'SMSL187', ip: '192.168.67.2', os.name: 'Windows 10', os.arch: 'amd64', os.version: '10.0', java.version: '1.8.0_201'
Driver info: org.openqa.selenium.chrome.ChromeDriver
Capabilities {acceptInsecureCerts: false, acceptSslCerts: false, applicationCacheEnabled: false, browserConnectionEnabled: false, browserName: chrome, chrome: {chromedriverVersion: 2.40.565498 (ea082db3280dd6..., userDataDir: C:\Users\ntedesco\AppData\L...}, cssSelectorsEnabled: true, databaseEnabled: false, handlesAlerts: true, hasTouchScreen: false, javascriptEnabled: true, locationContextEnabled: true, mobileEmulationEnabled: false, nativeEvents: true, networkConnectionEnabled: false, pageLoadStrategy: normal, platform: XP, platformName: XP, rotatable: false, setWindowRect: true, takesHeapSnapshot: true, takesScreenshot: true, unexpectedAlertBehaviour: , unhandledPromptBehavior: , version: 77.0.3865.90, webStorageEnabled: true}
Session ID: 21755dbbf08ccfda39a9e2352ab040a6
	at sun.reflect.NativeConstructorAccessorImpl.newInstance0(Native Method)
	at sun.reflect.NativeConstructorAccessorImpl.newInstance(Unknown Source)
	at sun.reflect.DelegatingConstructorAccessorImpl.newInstance(Unknown Source)
	at java.lang.reflect.Constructor.newInstance(Unknown Source)
	at org.openqa.selenium.remote.ErrorHandler.createThrowable(ErrorHandler.java:214)
	at org.openqa.selenium.remote.ErrorHandler.throwIfResponseFailed(ErrorHandler.java:172)
	at org.openqa.selenium.remote.http.JsonHttpResponseCodec.reconstructValue(JsonHttpResponseCodec.java:40)
	at org.openqa.selenium.remote.http.AbstractHttpResponseCodec.decode(AbstractHttpResponseCodec.java:80)
	at org.openqa.selenium.remote.http.AbstractHttpResponseCodec.decode(AbstractHttpResponseCodec.java:44)
	at org.openqa.selenium.remote.HttpCommandExecutor.execute(HttpCommandExecutor.java:158)
	at org.openqa.selenium.remote.service.DriverCommandExecutor.execute(DriverCommandExecutor.java:83)
	at org.openqa.selenium.remote.RemoteWebDriver.execute(RemoteWebDriver.java:548)
	at org.openqa.selenium.remote.RemoteWebDriver.execute(RemoteWebDriver.java:605)
	at org.openqa.selenium.remote.RemoteWebDriver$RemoteWebDriverOptions.deleteAllCookies(RemoteWebDriver.java:690)
	at helpers.PageHelper.deleteAllCookies(PageHelper.java:52)
	at initializer.InitilizeHook.DeleteSessionsData(InitilizeHook.java:67)
	at components.Hook.tearDown(Hook.java:54)
	at sun.reflect.NativeMethodAccessorImpl.invoke0(Native Method)
	at sun.reflect.NativeMethodAccessorImpl.invoke(Unknown Source)
	at sun.reflect.DelegatingMethodAccessorImpl.invoke(Unknown Source)
	at java.lang.reflect.Method.invoke(Unknown Source)
	at org.testng.internal.MethodInvocationHelper.invokeMethod(MethodInvocationHelper.java:108)
	at org.testng.internal.Invoker.invokeConfigurationMethod(Invoker.java:523)
	at org.testng.internal.Invoker.invokeConfigurations(Invoker.java:224)
	at org.testng.internal.Invoker.invokeMethod(Invoker.java:723)
	at org.testng.internal.Invoker.invokeTestMethod(Invoker.java:869)
	at org.testng.internal.Invoker.invokeTestMethods(Invoker.java:1193)
	at org.testng.internal.TestMethodWorker.invokeTestMethods(TestMethodWorker.java:126)
	at org.testng.internal.TestMethodWorker.run(TestMethodWorker.java:109)
	at org.testng.TestRunner.privateRun(TestRunner.java:744)
	at org.testng.TestRunner.run(TestRunner.java:602)
	at org.testng.SuiteRunner.runTest(SuiteRunner.java:380)
	at org.testng.SuiteRunner.access$000(SuiteRunner.java:39)
	at org.testng.SuiteRunner$SuiteWorker.run(SuiteRunner.java:414)
	at org.testng.internal.thread.ThreadUtil$1.call(ThreadUtil.java:52)
	at java.util.concurrent.FutureTask.run(Unknown Source)
	at java.util.concurrent.ThreadPoolExecutor.runWorker(Unknown Source)
	at java.util.concurrent.ThreadPoolExecutor$Worker.run(Unknown Source)
	at java.lang.Thread.run(Unknown Source)
]]>
            </full-stacktrace>
          </exception> <!-- org.openqa.selenium.UnhandledAlertException -->
          <reporter-output>
          </reporter-output>
        </test-method> <!-- tearDown -->
        <test-method status="SKIP" signature="tearDownClass()[pri:0, instance:suiteTest.Regresion_Web_SMS@3bb9a3ff]" name="tearDownClass" is-config="true" duration-ms="0" started-at="2019-10-08T15:10:53Z" finished-at="2019-10-08T15:10:53Z">
          <reporter-output>
          </reporter-output>
        </test-method> <!-- tearDownClass -->
      </class> <!-- suiteTest.Regresion_Web_SMS -->
    </test> <!-- Realizar VC - Web -->
  </suite> <!-- Suite Mobile Android -->
</testng-results>
