<?xml version="1.0" encoding="UTF-8"?>
<!-- Generated by org.testng.reporters.JUnitReportReporter -->
<testsuite skipped="0" hostname="SMSL044" name="suiteTest.Regresion_RealizarVC" tests="2" failures="0" timestamp="12 jul 2019 20:09:24 GMT" time="95.733" errors="1">
  <testcase name="tearDownClass" time="2.204" classname="suiteTest.Regresion_RealizarVC">
    <error type="java.lang.RuntimeException" message="java.lang.NullPointerException">
      <![CDATA[java.lang.RuntimeException: java.lang.NullPointerException
	at delivery.EmailSenderMobile.sendEmail(EmailSenderMobile.java:116)
	at delivery.EmailSenderMobile.exitDelivery(EmailSenderMobile.java:50)
	at initializer.InitilizeHookMobile.CloseDelivery(InitilizeHookMobile.java:90)
	at components.HookMobile.tearDownClass(HookMobile.java:62)
	at sun.reflect.NativeMethodAccessorImpl.invoke0(Native Method)
	at sun.reflect.NativeMethodAccessorImpl.invoke(NativeMethodAccessorImpl.java:62)
	at sun.reflect.DelegatingMethodAccessorImpl.invoke(DelegatingMethodAccessorImpl.java:43)
	at java.lang.reflect.Method.invoke(Method.java:498)
	at org.testng.internal.MethodInvocationHelper.invokeMethod(MethodInvocationHelper.java:108)
	at org.testng.internal.Invoker.invokeConfigurationMethod(Invoker.java:523)
	at org.testng.internal.Invoker.invokeConfigurations(Invoker.java:224)
	at org.testng.internal.Invoker.invokeConfigurations(Invoker.java:146)
	at org.testng.TestRunner.afterRun(TestRunner.java:958)
	at org.testng.TestRunner.run(TestRunner.java:606)
	at org.testng.SuiteRunner.runTest(SuiteRunner.java:380)
	at org.testng.SuiteRunner.access$000(SuiteRunner.java:39)
	at org.testng.SuiteRunner$SuiteWorker.run(SuiteRunner.java:414)
	at org.testng.internal.thread.ThreadUtil$1.call(ThreadUtil.java:52)
	at java.util.concurrent.FutureTask.run(FutureTask.java:266)
	at java.util.concurrent.ThreadPoolExecutor.runWorker(ThreadPoolExecutor.java:1149)
	at java.util.concurrent.ThreadPoolExecutor$Worker.run(ThreadPoolExecutor.java:624)
	at java.lang.Thread.run(Thread.java:748)
Caused by: java.lang.NullPointerException
	at delivery.EmailSenderMobile.subjectBuilderMail(EmailSenderMobile.java:122)
	at delivery.EmailSenderMobile.sendEmail(EmailSenderMobile.java:82)
	... 21 more
]]>
    </error>
  </testcase> <!-- tearDownClass -->
  <testcase name="S_Home_02" time="93.529" classname="suiteTest.Regresion_RealizarVC"/>
</testsuite> <!-- suiteTest.Regresion_RealizarVC -->
